[2017-11-27 08:24:49,027] json parsing failed (in RestUtils:114)
com.fasterxml.jackson.databind.exc.MismatchedInputException: No content to map due to end-of-input
 at [Source: (StringReader); line: 1, column: 0]
	at com.fasterxml.jackson.databind.exc.MismatchedInputException.from(MismatchedInputException.java:59) ~[jackson-databind-2.9.2.jar:2.9.2]
	at com.fasterxml.jackson.databind.ObjectMapper._initForReading(ObjectMapper.java:4133) ~[jackson-databind-2.9.2.jar:2.9.2]
	at com.fasterxml.jackson.databind.ObjectMapper._readMapAndClose(ObjectMapper.java:3988) ~[jackson-databind-2.9.2.jar:2.9.2]
	at com.fasterxml.jackson.databind.ObjectMapper.readValue(ObjectMapper.java:3037) ~[jackson-databind-2.9.2.jar:2.9.2]
	at fi.csc.chipster.rest.RestUtils.parseJson(RestUtils.java:112) [bin/:?]
	at fi.csc.chipster.rest.RestUtils.parseJson(RestUtils.java:102) [bin/:?]
	at fi.csc.chipster.auth.model.Token.getRoles(Token.java:81) [bin/:?]
	at sun.reflect.NativeMethodAccessorImpl.invoke0(Native Method) ~[?:1.8.0_141]
	at sun.reflect.NativeMethodAccessorImpl.invoke(NativeMethodAccessorImpl.java:62) ~[?:1.8.0_141]
	at sun.reflect.DelegatingMethodAccessorImpl.invoke(DelegatingMethodAccessorImpl.java:43) ~[?:1.8.0_141]
	at java.lang.reflect.Method.invoke(Method.java:498) ~[?:1.8.0_141]
	at com.fasterxml.jackson.databind.ser.BeanPropertyWriter.serializeAsField(BeanPropertyWriter.java:687) [jackson-databind-2.9.2.jar:2.9.2]
	at com.fasterxml.jackson.databind.ser.std.BeanSerializerBase.serializeFields(BeanSerializerBase.java:719) [jackson-databind-2.9.2.jar:2.9.2]
	at com.fasterxml.jackson.databind.ser.BeanSerializer.serialize(BeanSerializer.java:155) [jackson-databind-2.9.2.jar:2.9.2]
	at com.fasterxml.jackson.databind.ser.DefaultSerializerProvider._serialize(DefaultSerializerProvider.java:480) [jackson-databind-2.9.2.jar:2.9.2]
	at com.fasterxml.jackson.databind.ser.DefaultSerializerProvider.serializeValue(DefaultSerializerProvider.java:319) [jackson-databind-2.9.2.jar:2.9.2]
	at com.fasterxml.jackson.databind.ObjectWriter$Prefetch.serialize(ObjectWriter.java:1396) [jackson-databind-2.9.2.jar:2.9.2]
	at com.fasterxml.jackson.databind.ObjectWriter.writeValue(ObjectWriter.java:913) [jackson-databind-2.9.2.jar:2.9.2]
	at com.fasterxml.jackson.jaxrs.base.ProviderBase.writeTo(ProviderBase.java:625) [jackson-jaxrs-base-2.9.2.jar:2.9.2]
	at org.glassfish.jersey.message.internal.WriterInterceptorExecutor$TerminalWriterInterceptor.invokeWriteTo(WriterInterceptorExecutor.java:266) [jersey-common-2.26.jar:?]
	at org.glassfish.jersey.message.internal.WriterInterceptorExecutor$TerminalWriterInterceptor.aroundWriteTo(WriterInterceptorExecutor.java:251) [jersey-common-2.26.jar:?]
	at org.glassfish.jersey.message.internal.WriterInterceptorExecutor.proceed(WriterInterceptorExecutor.java:163) [jersey-common-2.26.jar:?]
	at org.glassfish.jersey.server.internal.JsonWithPaddingInterceptor.aroundWriteTo(JsonWithPaddingInterceptor.java:109) [jersey-server-2.26.jar:?]
	at org.glassfish.jersey.message.internal.WriterInterceptorExecutor.proceed(WriterInterceptorExecutor.java:163) [jersey-common-2.26.jar:?]
	at org.glassfish.jersey.server.internal.MappableExceptionWrapperInterceptor.aroundWriteTo(MappableExceptionWrapperInterceptor.java:85) [jersey-server-2.26.jar:?]
	at org.glassfish.jersey.message.internal.WriterInterceptorExecutor.proceed(WriterInterceptorExecutor.java:163) [jersey-common-2.26.jar:?]
	at org.glassfish.jersey.message.internal.MessageBodyFactory.writeTo(MessageBodyFactory.java:1135) [jersey-common-2.26.jar:?]
	at org.glassfish.jersey.server.ServerRuntime$Responder.writeResponse(ServerRuntime.java:662) [jersey-server-2.26.jar:?]
	at org.glassfish.jersey.server.ServerRuntime$Responder.processResponse(ServerRuntime.java:395) [jersey-server-2.26.jar:?]
	at org.glassfish.jersey.server.ServerRuntime$Responder.process(ServerRuntime.java:385) [jersey-server-2.26.jar:?]
	at org.glassfish.jersey.server.ServerRuntime$1.run(ServerRuntime.java:280) [jersey-server-2.26.jar:?]
	at org.glassfish.jersey.internal.Errors$1.call(Errors.java:272) [jersey-common-2.26.jar:?]
	at org.glassfish.jersey.internal.Errors$1.call(Errors.java:268) [jersey-common-2.26.jar:?]
	at org.glassfish.jersey.internal.Errors.process(Errors.java:316) [jersey-common-2.26.jar:?]
	at org.glassfish.jersey.internal.Errors.process(Errors.java:298) [jersey-common-2.26.jar:?]
	at org.glassfish.jersey.internal.Errors.process(Errors.java:268) [jersey-common-2.26.jar:?]
	at org.glassfish.jersey.process.internal.RequestScope.runInScope(RequestScope.java:289) [jersey-common-2.26.jar:?]
	at org.glassfish.jersey.server.ServerRuntime.process(ServerRuntime.java:256) [jersey-server-2.26.jar:?]
	at org.glassfish.jersey.server.ApplicationHandler.handle(ApplicationHandler.java:703) [jersey-server-2.26.jar:?]
	at org.glassfish.jersey.grizzly2.httpserver.GrizzlyHttpContainer.service(GrizzlyHttpContainer.java:377) [jersey-container-grizzly2-http-2.26.jar:?]
	at org.glassfish.grizzly.http.server.HttpHandler$1.run(HttpHandler.java:224) [grizzly-http-server-2.4.0.jar:2.4.0]
	at org.glassfish.grizzly.threadpool.AbstractThreadPool$Worker.doWork(AbstractThreadPool.java:593) [grizzly-framework-2.4.0.jar:2.4.0]
	at org.glassfish.grizzly.threadpool.AbstractThreadPool$Worker.run(AbstractThreadPool.java:573) [grizzly-framework-2.4.0.jar:2.4.0]
	at java.lang.Thread.run(Thread.java:748) [?:1.8.0_141]
[2017-11-27 08:24:49,643] json parsing failed (in RestUtils:114)
com.fasterxml.jackson.databind.exc.MismatchedInputException: No content to map due to end-of-input
 at [Source: (StringReader); line: 1, column: 0]
	at com.fasterxml.jackson.databind.exc.MismatchedInputException.from(MismatchedInputException.java:59) ~[jackson-databind-2.9.2.jar:2.9.2]
	at com.fasterxml.jackson.databind.ObjectMapper._initForReading(ObjectMapper.java:4133) ~[jackson-databind-2.9.2.jar:2.9.2]
	at com.fasterxml.jackson.databind.ObjectMapper._readMapAndClose(ObjectMapper.java:3988) ~[jackson-databind-2.9.2.jar:2.9.2]
	at com.fasterxml.jackson.databind.ObjectMapper.readValue(ObjectMapper.java:3037) ~[jackson-databind-2.9.2.jar:2.9.2]
	at fi.csc.chipster.rest.RestUtils.parseJson(RestUtils.java:112) [bin/:?]
	at fi.csc.chipster.rest.RestUtils.parseJson(RestUtils.java:102) [bin/:?]
	at fi.csc.chipster.auth.model.Token.getRoles(Token.java:81) [bin/:?]
	at sun.reflect.NativeMethodAccessorImpl.invoke0(Native Method) ~[?:1.8.0_141]
	at sun.reflect.NativeMethodAccessorImpl.invoke(NativeMethodAccessorImpl.java:62) ~[?:1.8.0_141]
	at sun.reflect.DelegatingMethodAccessorImpl.invoke(DelegatingMethodAccessorImpl.java:43) ~[?:1.8.0_141]
	at java.lang.reflect.Method.invoke(Method.java:498) ~[?:1.8.0_141]
	at com.fasterxml.jackson.databind.ser.BeanPropertyWriter.serializeAsField(BeanPropertyWriter.java:687) [jackson-databind-2.9.2.jar:2.9.2]
	at com.fasterxml.jackson.databind.ser.std.BeanSerializerBase.serializeFields(BeanSerializerBase.java:719) [jackson-databind-2.9.2.jar:2.9.2]
	at com.fasterxml.jackson.databind.ser.BeanSerializer.serialize(BeanSerializer.java:155) [jackson-databind-2.9.2.jar:2.9.2]
	at com.fasterxml.jackson.databind.ser.DefaultSerializerProvider._serialize(DefaultSerializerProvider.java:480) [jackson-databind-2.9.2.jar:2.9.2]
	at com.fasterxml.jackson.databind.ser.DefaultSerializerProvider.serializeValue(DefaultSerializerProvider.java:319) [jackson-databind-2.9.2.jar:2.9.2]
	at com.fasterxml.jackson.databind.ObjectWriter$Prefetch.serialize(ObjectWriter.java:1396) [jackson-databind-2.9.2.jar:2.9.2]
	at com.fasterxml.jackson.databind.ObjectWriter.writeValue(ObjectWriter.java:913) [jackson-databind-2.9.2.jar:2.9.2]
	at com.fasterxml.jackson.jaxrs.base.ProviderBase.writeTo(ProviderBase.java:625) [jackson-jaxrs-base-2.9.2.jar:2.9.2]
	at org.glassfish.jersey.message.internal.WriterInterceptorExecutor$TerminalWriterInterceptor.invokeWriteTo(WriterInterceptorExecutor.java:266) [jersey-common-2.26.jar:?]
	at org.glassfish.jersey.message.internal.WriterInterceptorExecutor$TerminalWriterInterceptor.aroundWriteTo(WriterInterceptorExecutor.java:251) [jersey-common-2.26.jar:?]
	at org.glassfish.jersey.message.internal.WriterInterceptorExecutor.proceed(WriterInterceptorExecutor.java:163) [jersey-common-2.26.jar:?]
	at org.glassfish.jersey.server.internal.JsonWithPaddingInterceptor.aroundWriteTo(JsonWithPaddingInterceptor.java:109) [jersey-server-2.26.jar:?]
	at org.glassfish.jersey.message.internal.WriterInterceptorExecutor.proceed(WriterInterceptorExecutor.java:163) [jersey-common-2.26.jar:?]
	at org.glassfish.jersey.server.internal.MappableExceptionWrapperInterceptor.aroundWriteTo(MappableExceptionWrapperInterceptor.java:85) [jersey-server-2.26.jar:?]
	at org.glassfish.jersey.message.internal.WriterInterceptorExecutor.proceed(WriterInterceptorExecutor.java:163) [jersey-common-2.26.jar:?]
	at org.glassfish.jersey.message.internal.MessageBodyFactory.writeTo(MessageBodyFactory.java:1135) [jersey-common-2.26.jar:?]
	at org.glassfish.jersey.server.ServerRuntime$Responder.writeResponse(ServerRuntime.java:662) [jersey-server-2.26.jar:?]
	at org.glassfish.jersey.server.ServerRuntime$Responder.processResponse(ServerRuntime.java:395) [jersey-server-2.26.jar:?]
	at org.glassfish.jersey.server.ServerRuntime$Responder.process(ServerRuntime.java:385) [jersey-server-2.26.jar:?]
	at org.glassfish.jersey.server.ServerRuntime$1.run(ServerRuntime.java:280) [jersey-server-2.26.jar:?]
	at org.glassfish.jersey.internal.Errors$1.call(Errors.java:272) [jersey-common-2.26.jar:?]
	at org.glassfish.jersey.internal.Errors$1.call(Errors.java:268) [jersey-common-2.26.jar:?]
	at org.glassfish.jersey.internal.Errors.process(Errors.java:316) [jersey-common-2.26.jar:?]
	at org.glassfish.jersey.internal.Errors.process(Errors.java:298) [jersey-common-2.26.jar:?]
	at org.glassfish.jersey.internal.Errors.process(Errors.java:268) [jersey-common-2.26.jar:?]
	at org.glassfish.jersey.process.internal.RequestScope.runInScope(RequestScope.java:289) [jersey-common-2.26.jar:?]
	at org.glassfish.jersey.server.ServerRuntime.process(ServerRuntime.java:256) [jersey-server-2.26.jar:?]
	at org.glassfish.jersey.server.ApplicationHandler.handle(ApplicationHandler.java:703) [jersey-server-2.26.jar:?]
	at org.glassfish.jersey.grizzly2.httpserver.GrizzlyHttpContainer.service(GrizzlyHttpContainer.java:377) [jersey-container-grizzly2-http-2.26.jar:?]
	at org.glassfish.grizzly.http.server.HttpHandler$1.run(HttpHandler.java:224) [grizzly-http-server-2.4.0.jar:2.4.0]
	at org.glassfish.grizzly.threadpool.AbstractThreadPool$Worker.doWork(AbstractThreadPool.java:593) [grizzly-framework-2.4.0.jar:2.4.0]
	at org.glassfish.grizzly.threadpool.AbstractThreadPool$Worker.run(AbstractThreadPool.java:573) [grizzly-framework-2.4.0.jar:2.4.0]
	at java.lang.Thread.run(Thread.java:748) [?:1.8.0_141]
[2017-11-27 08:24:50,378] json parsing failed (in RestUtils:114)
com.fasterxml.jackson.databind.exc.MismatchedInputException: No content to map due to end-of-input
 at [Source: (StringReader); line: 1, column: 0]
	at com.fasterxml.jackson.databind.exc.MismatchedInputException.from(MismatchedInputException.java:59) ~[jackson-databind-2.9.2.jar:2.9.2]
	at com.fasterxml.jackson.databind.ObjectMapper._initForReading(ObjectMapper.java:4133) ~[jackson-databind-2.9.2.jar:2.9.2]
	at com.fasterxml.jackson.databind.ObjectMapper._readMapAndClose(ObjectMapper.java:3988) ~[jackson-databind-2.9.2.jar:2.9.2]
	at com.fasterxml.jackson.databind.ObjectMapper.readValue(ObjectMapper.java:3037) ~[jackson-databind-2.9.2.jar:2.9.2]
	at fi.csc.chipster.rest.RestUtils.parseJson(RestUtils.java:112) [bin/:?]
	at fi.csc.chipster.rest.RestUtils.parseJson(RestUtils.java:102) [bin/:?]
	at fi.csc.chipster.auth.model.Token.getRoles(Token.java:81) [bin/:?]
	at sun.reflect.NativeMethodAccessorImpl.invoke0(Native Method) ~[?:1.8.0_141]
	at sun.reflect.NativeMethodAccessorImpl.invoke(NativeMethodAccessorImpl.java:62) ~[?:1.8.0_141]
	at sun.reflect.DelegatingMethodAccessorImpl.invoke(DelegatingMethodAccessorImpl.java:43) ~[?:1.8.0_141]
	at java.lang.reflect.Method.invoke(Method.java:498) ~[?:1.8.0_141]
	at com.fasterxml.jackson.databind.ser.BeanPropertyWriter.serializeAsField(BeanPropertyWriter.java:687) [jackson-databind-2.9.2.jar:2.9.2]
	at com.fasterxml.jackson.databind.ser.std.BeanSerializerBase.serializeFields(BeanSerializerBase.java:719) [jackson-databind-2.9.2.jar:2.9.2]
	at com.fasterxml.jackson.databind.ser.BeanSerializer.serialize(BeanSerializer.java:155) [jackson-databind-2.9.2.jar:2.9.2]
	at com.fasterxml.jackson.databind.ser.DefaultSerializerProvider._serialize(DefaultSerializerProvider.java:480) [jackson-databind-2.9.2.jar:2.9.2]
	at com.fasterxml.jackson.databind.ser.DefaultSerializerProvider.serializeValue(DefaultSerializerProvider.java:319) [jackson-databind-2.9.2.jar:2.9.2]
	at com.fasterxml.jackson.databind.ObjectWriter$Prefetch.serialize(ObjectWriter.java:1396) [jackson-databind-2.9.2.jar:2.9.2]
	at com.fasterxml.jackson.databind.ObjectWriter.writeValue(ObjectWriter.java:913) [jackson-databind-2.9.2.jar:2.9.2]
	at com.fasterxml.jackson.jaxrs.base.ProviderBase.writeTo(ProviderBase.java:625) [jackson-jaxrs-base-2.9.2.jar:2.9.2]
	at org.glassfish.jersey.message.internal.WriterInterceptorExecutor$TerminalWriterInterceptor.invokeWriteTo(WriterInterceptorExecutor.java:266) [jersey-common-2.26.jar:?]
	at org.glassfish.jersey.message.internal.WriterInterceptorExecutor$TerminalWriterInterceptor.aroundWriteTo(WriterInterceptorExecutor.java:251) [jersey-common-2.26.jar:?]
	at org.glassfish.jersey.message.internal.WriterInterceptorExecutor.proceed(WriterInterceptorExecutor.java:163) [jersey-common-2.26.jar:?]
	at org.glassfish.jersey.server.internal.JsonWithPaddingInterceptor.aroundWriteTo(JsonWithPaddingInterceptor.java:109) [jersey-server-2.26.jar:?]
	at org.glassfish.jersey.message.internal.WriterInterceptorExecutor.proceed(WriterInterceptorExecutor.java:163) [jersey-common-2.26.jar:?]
	at org.glassfish.jersey.server.internal.MappableExceptionWrapperInterceptor.aroundWriteTo(MappableExceptionWrapperInterceptor.java:85) [jersey-server-2.26.jar:?]
	at org.glassfish.jersey.message.internal.WriterInterceptorExecutor.proceed(WriterInterceptorExecutor.java:163) [jersey-common-2.26.jar:?]
	at org.glassfish.jersey.message.internal.MessageBodyFactory.writeTo(MessageBodyFactory.java:1135) [jersey-common-2.26.jar:?]
	at org.glassfish.jersey.server.ServerRuntime$Responder.writeResponse(ServerRuntime.java:662) [jersey-server-2.26.jar:?]
	at org.glassfish.jersey.server.ServerRuntime$Responder.processResponse(ServerRuntime.java:395) [jersey-server-2.26.jar:?]
	at org.glassfish.jersey.server.ServerRuntime$Responder.process(ServerRuntime.java:385) [jersey-server-2.26.jar:?]
	at org.glassfish.jersey.server.ServerRuntime$1.run(ServerRuntime.java:280) [jersey-server-2.26.jar:?]
	at org.glassfish.jersey.internal.Errors$1.call(Errors.java:272) [jersey-common-2.26.jar:?]
	at org.glassfish.jersey.internal.Errors$1.call(Errors.java:268) [jersey-common-2.26.jar:?]
	at org.glassfish.jersey.internal.Errors.process(Errors.java:316) [jersey-common-2.26.jar:?]
	at org.glassfish.jersey.internal.Errors.process(Errors.java:298) [jersey-common-2.26.jar:?]
	at org.glassfish.jersey.internal.Errors.process(Errors.java:268) [jersey-common-2.26.jar:?]
	at org.glassfish.jersey.process.internal.RequestScope.runInScope(RequestScope.java:289) [jersey-common-2.26.jar:?]
	at org.glassfish.jersey.server.ServerRuntime.process(ServerRuntime.java:256) [jersey-server-2.26.jar:?]
	at org.glassfish.jersey.server.ApplicationHandler.handle(ApplicationHandler.java:703) [jersey-server-2.26.jar:?]
	at org.glassfish.jersey.grizzly2.httpserver.GrizzlyHttpContainer.service(GrizzlyHttpContainer.java:377) [jersey-container-grizzly2-http-2.26.jar:?]
	at org.glassfish.grizzly.http.server.HttpHandler$1.run(HttpHandler.java:224) [grizzly-http-server-2.4.0.jar:2.4.0]
	at org.glassfish.grizzly.threadpool.AbstractThreadPool$Worker.doWork(AbstractThreadPool.java:593) [grizzly-framework-2.4.0.jar:2.4.0]
	at org.glassfish.grizzly.threadpool.AbstractThreadPool$Worker.run(AbstractThreadPool.java:573) [grizzly-framework-2.4.0.jar:2.4.0]
	at java.lang.Thread.run(Thread.java:748) [?:1.8.0_141]
[2017-11-27 08:31:49,209] json parsing failed (in RestUtils:114)
com.fasterxml.jackson.databind.exc.MismatchedInputException: No content to map due to end-of-input
 at [Source: (StringReader); line: 1, column: 0]
	at com.fasterxml.jackson.databind.exc.MismatchedInputException.from(MismatchedInputException.java:59) ~[jackson-databind-2.9.2.jar:2.9.2]
	at com.fasterxml.jackson.databind.ObjectMapper._initForReading(ObjectMapper.java:4133) ~[jackson-databind-2.9.2.jar:2.9.2]
	at com.fasterxml.jackson.databind.ObjectMapper._readMapAndClose(ObjectMapper.java:3988) ~[jackson-databind-2.9.2.jar:2.9.2]
	at com.fasterxml.jackson.databind.ObjectMapper.readValue(ObjectMapper.java:3037) ~[jackson-databind-2.9.2.jar:2.9.2]
	at fi.csc.chipster.rest.RestUtils.parseJson(RestUtils.java:112) [bin/:?]
	at fi.csc.chipster.rest.RestUtils.parseJson(RestUtils.java:102) [bin/:?]
	at fi.csc.chipster.auth.model.Token.getRoles(Token.java:84) [bin/:?]
	at sun.reflect.NativeMethodAccessorImpl.invoke0(Native Method) ~[?:1.8.0_141]
	at sun.reflect.NativeMethodAccessorImpl.invoke(NativeMethodAccessorImpl.java:62) ~[?:1.8.0_141]
	at sun.reflect.DelegatingMethodAccessorImpl.invoke(DelegatingMethodAccessorImpl.java:43) ~[?:1.8.0_141]
	at java.lang.reflect.Method.invoke(Method.java:498) ~[?:1.8.0_141]
	at com.fasterxml.jackson.databind.ser.BeanPropertyWriter.serializeAsField(BeanPropertyWriter.java:687) [jackson-databind-2.9.2.jar:2.9.2]
	at com.fasterxml.jackson.databind.ser.std.BeanSerializerBase.serializeFields(BeanSerializerBase.java:719) [jackson-databind-2.9.2.jar:2.9.2]
	at com.fasterxml.jackson.databind.ser.BeanSerializer.serialize(BeanSerializer.java:155) [jackson-databind-2.9.2.jar:2.9.2]
	at com.fasterxml.jackson.databind.ser.DefaultSerializerProvider._serialize(DefaultSerializerProvider.java:480) [jackson-databind-2.9.2.jar:2.9.2]
	at com.fasterxml.jackson.databind.ser.DefaultSerializerProvider.serializeValue(DefaultSerializerProvider.java:319) [jackson-databind-2.9.2.jar:2.9.2]
	at com.fasterxml.jackson.databind.ObjectWriter$Prefetch.serialize(ObjectWriter.java:1396) [jackson-databind-2.9.2.jar:2.9.2]
	at com.fasterxml.jackson.databind.ObjectWriter.writeValue(ObjectWriter.java:913) [jackson-databind-2.9.2.jar:2.9.2]
	at com.fasterxml.jackson.jaxrs.base.ProviderBase.writeTo(ProviderBase.java:625) [jackson-jaxrs-base-2.9.2.jar:2.9.2]
	at org.glassfish.jersey.message.internal.WriterInterceptorExecutor$TerminalWriterInterceptor.invokeWriteTo(WriterInterceptorExecutor.java:266) [jersey-common-2.26.jar:?]
	at org.glassfish.jersey.message.internal.WriterInterceptorExecutor$TerminalWriterInterceptor.aroundWriteTo(WriterInterceptorExecutor.java:251) [jersey-common-2.26.jar:?]
	at org.glassfish.jersey.message.internal.WriterInterceptorExecutor.proceed(WriterInterceptorExecutor.java:163) [jersey-common-2.26.jar:?]
	at org.glassfish.jersey.server.internal.JsonWithPaddingInterceptor.aroundWriteTo(JsonWithPaddingInterceptor.java:109) [jersey-server-2.26.jar:?]
	at org.glassfish.jersey.message.internal.WriterInterceptorExecutor.proceed(WriterInterceptorExecutor.java:163) [jersey-common-2.26.jar:?]
	at org.glassfish.jersey.server.internal.MappableExceptionWrapperInterceptor.aroundWriteTo(MappableExceptionWrapperInterceptor.java:85) [jersey-server-2.26.jar:?]
	at org.glassfish.jersey.message.internal.WriterInterceptorExecutor.proceed(WriterInterceptorExecutor.java:163) [jersey-common-2.26.jar:?]
	at org.glassfish.jersey.message.internal.MessageBodyFactory.writeTo(MessageBodyFactory.java:1135) [jersey-common-2.26.jar:?]
	at org.glassfish.jersey.server.ServerRuntime$Responder.writeResponse(ServerRuntime.java:662) [jersey-server-2.26.jar:?]
	at org.glassfish.jersey.server.ServerRuntime$Responder.processResponse(ServerRuntime.java:395) [jersey-server-2.26.jar:?]
	at org.glassfish.jersey.server.ServerRuntime$Responder.process(ServerRuntime.java:385) [jersey-server-2.26.jar:?]
	at org.glassfish.jersey.server.ServerRuntime$1.run(ServerRuntime.java:280) [jersey-server-2.26.jar:?]
	at org.glassfish.jersey.internal.Errors$1.call(Errors.java:272) [jersey-common-2.26.jar:?]
	at org.glassfish.jersey.internal.Errors$1.call(Errors.java:268) [jersey-common-2.26.jar:?]
	at org.glassfish.jersey.internal.Errors.process(Errors.java:316) [jersey-common-2.26.jar:?]
	at org.glassfish.jersey.internal.Errors.process(Errors.java:298) [jersey-common-2.26.jar:?]
	at org.glassfish.jersey.internal.Errors.process(Errors.java:268) [jersey-common-2.26.jar:?]
	at org.glassfish.jersey.process.internal.RequestScope.runInScope(RequestScope.java:289) [jersey-common-2.26.jar:?]
	at org.glassfish.jersey.server.ServerRuntime.process(ServerRuntime.java:256) [jersey-server-2.26.jar:?]
	at org.glassfish.jersey.server.ApplicationHandler.handle(ApplicationHandler.java:703) [jersey-server-2.26.jar:?]
	at org.glassfish.jersey.grizzly2.httpserver.GrizzlyHttpContainer.service(GrizzlyHttpContainer.java:377) [jersey-container-grizzly2-http-2.26.jar:?]
	at org.glassfish.grizzly.http.server.HttpHandler$1.run(HttpHandler.java:224) [grizzly-http-server-2.4.0.jar:2.4.0]
	at org.glassfish.grizzly.threadpool.AbstractThreadPool$Worker.doWork(AbstractThreadPool.java:593) [grizzly-framework-2.4.0.jar:2.4.0]
	at org.glassfish.grizzly.threadpool.AbstractThreadPool$Worker.run(AbstractThreadPool.java:573) [grizzly-framework-2.4.0.jar:2.4.0]
	at java.lang.Thread.run(Thread.java:748) [?:1.8.0_141]
[2017-11-27 08:31:56,891] json parsing failed (in RestUtils:114)
com.fasterxml.jackson.databind.exc.MismatchedInputException: No content to map due to end-of-input
 at [Source: (StringReader); line: 1, column: 0]
	at com.fasterxml.jackson.databind.exc.MismatchedInputException.from(MismatchedInputException.java:59) ~[jackson-databind-2.9.2.jar:2.9.2]
	at com.fasterxml.jackson.databind.ObjectMapper._initForReading(ObjectMapper.java:4133) ~[jackson-databind-2.9.2.jar:2.9.2]
	at com.fasterxml.jackson.databind.ObjectMapper._readMapAndClose(ObjectMapper.java:3988) ~[jackson-databind-2.9.2.jar:2.9.2]
	at com.fasterxml.jackson.databind.ObjectMapper.readValue(ObjectMapper.java:3037) ~[jackson-databind-2.9.2.jar:2.9.2]
	at fi.csc.chipster.rest.RestUtils.parseJson(RestUtils.java:112) [bin/:?]
	at fi.csc.chipster.rest.RestUtils.parseJson(RestUtils.java:102) [bin/:?]
	at fi.csc.chipster.auth.model.Token.getRoles(Token.java:84) [bin/:?]
	at sun.reflect.NativeMethodAccessorImpl.invoke0(Native Method) ~[?:1.8.0_141]
	at sun.reflect.NativeMethodAccessorImpl.invoke(NativeMethodAccessorImpl.java:62) ~[?:1.8.0_141]
	at sun.reflect.DelegatingMethodAccessorImpl.invoke(DelegatingMethodAccessorImpl.java:43) ~[?:1.8.0_141]
	at java.lang.reflect.Method.invoke(Method.java:498) ~[?:1.8.0_141]
	at com.fasterxml.jackson.databind.ser.BeanPropertyWriter.serializeAsField(BeanPropertyWriter.java:687) [jackson-databind-2.9.2.jar:2.9.2]
	at com.fasterxml.jackson.databind.ser.std.BeanSerializerBase.serializeFields(BeanSerializerBase.java:719) [jackson-databind-2.9.2.jar:2.9.2]
	at com.fasterxml.jackson.databind.ser.BeanSerializer.serialize(BeanSerializer.java:155) [jackson-databind-2.9.2.jar:2.9.2]
	at com.fasterxml.jackson.databind.ser.DefaultSerializerProvider._serialize(DefaultSerializerProvider.java:480) [jackson-databind-2.9.2.jar:2.9.2]
	at com.fasterxml.jackson.databind.ser.DefaultSerializerProvider.serializeValue(DefaultSerializerProvider.java:319) [jackson-databind-2.9.2.jar:2.9.2]
	at com.fasterxml.jackson.databind.ObjectWriter$Prefetch.serialize(ObjectWriter.java:1396) [jackson-databind-2.9.2.jar:2.9.2]
	at com.fasterxml.jackson.databind.ObjectWriter.writeValue(ObjectWriter.java:913) [jackson-databind-2.9.2.jar:2.9.2]
	at com.fasterxml.jackson.jaxrs.base.ProviderBase.writeTo(ProviderBase.java:625) [jackson-jaxrs-base-2.9.2.jar:2.9.2]
	at org.glassfish.jersey.message.internal.WriterInterceptorExecutor$TerminalWriterInterceptor.invokeWriteTo(WriterInterceptorExecutor.java:266) [jersey-common-2.26.jar:?]
	at org.glassfish.jersey.message.internal.WriterInterceptorExecutor$TerminalWriterInterceptor.aroundWriteTo(WriterInterceptorExecutor.java:251) [jersey-common-2.26.jar:?]
	at org.glassfish.jersey.message.internal.WriterInterceptorExecutor.proceed(WriterInterceptorExecutor.java:163) [jersey-common-2.26.jar:?]
	at org.glassfish.jersey.server.internal.JsonWithPaddingInterceptor.aroundWriteTo(JsonWithPaddingInterceptor.java:109) [jersey-server-2.26.jar:?]
	at org.glassfish.jersey.message.internal.WriterInterceptorExecutor.proceed(WriterInterceptorExecutor.java:163) [jersey-common-2.26.jar:?]
	at org.glassfish.jersey.server.internal.MappableExceptionWrapperInterceptor.aroundWriteTo(MappableExceptionWrapperInterceptor.java:85) [jersey-server-2.26.jar:?]
	at org.glassfish.jersey.message.internal.WriterInterceptorExecutor.proceed(WriterInterceptorExecutor.java:163) [jersey-common-2.26.jar:?]
	at org.glassfish.jersey.message.internal.MessageBodyFactory.writeTo(MessageBodyFactory.java:1135) [jersey-common-2.26.jar:?]
	at org.glassfish.jersey.server.ServerRuntime$Responder.writeResponse(ServerRuntime.java:662) [jersey-server-2.26.jar:?]
	at org.glassfish.jersey.server.ServerRuntime$Responder.processResponse(ServerRuntime.java:395) [jersey-server-2.26.jar:?]
	at org.glassfish.jersey.server.ServerRuntime$Responder.process(ServerRuntime.java:385) [jersey-server-2.26.jar:?]
	at org.glassfish.jersey.server.ServerRuntime$1.run(ServerRuntime.java:280) [jersey-server-2.26.jar:?]
	at org.glassfish.jersey.internal.Errors$1.call(Errors.java:272) [jersey-common-2.26.jar:?]
	at org.glassfish.jersey.internal.Errors$1.call(Errors.java:268) [jersey-common-2.26.jar:?]
	at org.glassfish.jersey.internal.Errors.process(Errors.java:316) [jersey-common-2.26.jar:?]
	at org.glassfish.jersey.internal.Errors.process(Errors.java:298) [jersey-common-2.26.jar:?]
	at org.glassfish.jersey.internal.Errors.process(Errors.java:268) [jersey-common-2.26.jar:?]
	at org.glassfish.jersey.process.internal.RequestScope.runInScope(RequestScope.java:289) [jersey-common-2.26.jar:?]
	at org.glassfish.jersey.server.ServerRuntime.process(ServerRuntime.java:256) [jersey-server-2.26.jar:?]
	at org.glassfish.jersey.server.ApplicationHandler.handle(ApplicationHandler.java:703) [jersey-server-2.26.jar:?]
	at org.glassfish.jersey.grizzly2.httpserver.GrizzlyHttpContainer.service(GrizzlyHttpContainer.java:377) [jersey-container-grizzly2-http-2.26.jar:?]
	at org.glassfish.grizzly.http.server.HttpHandler$1.run(HttpHandler.java:224) [grizzly-http-server-2.4.0.jar:2.4.0]
	at org.glassfish.grizzly.threadpool.AbstractThreadPool$Worker.doWork(AbstractThreadPool.java:593) [grizzly-framework-2.4.0.jar:2.4.0]
	at org.glassfish.grizzly.threadpool.AbstractThreadPool$Worker.run(AbstractThreadPool.java:573) [grizzly-framework-2.4.0.jar:2.4.0]
	at java.lang.Thread.run(Thread.java:748) [?:1.8.0_141]
